<?xml version="1.0" encoding="UTF-8"?>
<testng-results ignored="0" total="19" passed="18" failed="1" skipped="0">
  <reporter-output>
  </reporter-output>
  <suite started-at="2022-07-20T16:04:00 WAT" name="Default suite" finished-at="2022-07-20T16:05:10 WAT" duration-ms="70275">
    <groups>
    </groups>
    <test started-at="2022-07-20T16:04:00 WAT" name="Default test" finished-at="2022-07-20T16:05:10 WAT" duration-ms="70275">
      <class name="alphaTests.SignUpTest">
        <test-method is-config="true" signature="Setup()[pri:0, instance:alphaTests.SignUpTest@6e0f5f7f]" started-at="2022-07-20T16:04:00 WAT" name="Setup" finished-at="2022-07-20T16:04:09 WAT" duration-ms="9253" status="PASS">
          <reporter-output>
          </reporter-output>
        </test-method> <!-- Setup -->
        <test-method is-config="true" signature="navigateToRegisterPage()[pri:0, instance:alphaTests.SignUpTest@6e0f5f7f]" started-at="2022-07-20T16:04:09 WAT" name="navigateToRegisterPage" finished-at="2022-07-20T16:04:10 WAT" depends-on-methods="alphaPages.BaseClass.Setup" duration-ms="204" status="PASS">
          <reporter-output>
          </reporter-output>
        </test-method> <!-- navigateToRegisterPage -->
        <test-method signature="ValidateEmailField1()[pri:1, instance:alphaTests.SignUpTest@6e0f5f7f]" started-at="2022-07-20T16:04:10 WAT" name="ValidateEmailField1" finished-at="2022-07-20T16:04:15 WAT" duration-ms="5294" status="PASS">
          <reporter-output>
          </reporter-output>
        </test-method> <!-- ValidateEmailField1 -->
        <test-method signature="ValidateEmailField2()[pri:2, instance:alphaTests.SignUpTest@6e0f5f7f]" started-at="2022-07-20T16:04:15 WAT" name="ValidateEmailField2" finished-at="2022-07-20T16:04:19 WAT" duration-ms="3639" status="PASS">
          <reporter-output>
          </reporter-output>
        </test-method> <!-- ValidateEmailField2 -->
        <test-method signature="ValidateEmailField3()[pri:3, instance:alphaTests.SignUpTest@6e0f5f7f]" started-at="2022-07-20T16:04:19 WAT" name="ValidateEmailField3" finished-at="2022-07-20T16:04:22 WAT" duration-ms="3380" status="PASS">
          <reporter-output>
          </reporter-output>
        </test-method> <!-- ValidateEmailField3 -->
        <test-method signature="ValidateEmailField4()[pri:4, instance:alphaTests.SignUpTest@6e0f5f7f]" started-at="2022-07-20T16:04:22 WAT" name="ValidateEmailField4" finished-at="2022-07-20T16:04:25 WAT" duration-ms="3178" status="PASS">
          <reporter-output>
          </reporter-output>
        </test-method> <!-- ValidateEmailField4 -->
        <test-method signature="ValidateEmailField5()[pri:5, instance:alphaTests.SignUpTest@6e0f5f7f]" started-at="2022-07-20T16:04:25 WAT" name="ValidateEmailField5" finished-at="2022-07-20T16:04:29 WAT" duration-ms="3707" status="PASS">
          <reporter-output>
          </reporter-output>
        </test-method> <!-- ValidateEmailField5 -->
        <test-method signature="ValidateEmailField6()[pri:6, instance:alphaTests.SignUpTest@6e0f5f7f]" started-at="2022-07-20T16:04:29 WAT" name="ValidateEmailField6" finished-at="2022-07-20T16:04:32 WAT" duration-ms="3239" status="PASS">
          <reporter-output>
          </reporter-output>
        </test-method> <!-- ValidateEmailField6 -->
        <test-method signature="ValidateEmailField7()[pri:7, instance:alphaTests.SignUpTest@6e0f5f7f]" started-at="2022-07-20T16:04:32 WAT" name="ValidateEmailField7" finished-at="2022-07-20T16:04:35 WAT" duration-ms="3197" status="PASS">
          <reporter-output>
          </reporter-output>
        </test-method> <!-- ValidateEmailField7 -->
        <test-method signature="ValidatePhonenumberField1()[pri:8, instance:alphaTests.SignUpTest@6e0f5f7f]" started-at="2022-07-20T16:04:35 WAT" name="ValidatePhonenumberField1" finished-at="2022-07-20T16:04:38 WAT" duration-ms="3167" status="PASS">
          <reporter-output>
          </reporter-output>
        </test-method> <!-- ValidatePhonenumberField1 -->
        <test-method signature="ValidatePhonenumberField2()[pri:9, instance:alphaTests.SignUpTest@6e0f5f7f]" started-at="2022-07-20T16:04:38 WAT" name="ValidatePhonenumberField2" finished-at="2022-07-20T16:04:42 WAT" duration-ms="3112" status="PASS">
          <reporter-output>
          </reporter-output>
        </test-method> <!-- ValidatePhonenumberField2 -->
        <test-method signature="ValidatePhonenumberField3()[pri:10, instance:alphaTests.SignUpTest@6e0f5f7f]" started-at="2022-07-20T16:04:42 WAT" name="ValidatePhonenumberField3" finished-at="2022-07-20T16:04:45 WAT" duration-ms="3142" status="PASS">
          <reporter-output>
          </reporter-output>
        </test-method> <!-- ValidatePhonenumberField3 -->
        <test-method signature="ValidatePasswordField1()[pri:11, instance:alphaTests.SignUpTest@6e0f5f7f]" started-at="2022-07-20T16:04:45 WAT" name="ValidatePasswordField1" finished-at="2022-07-20T16:04:48 WAT" duration-ms="3142" status="PASS">
          <reporter-output>
          </reporter-output>
        </test-method> <!-- ValidatePasswordField1 -->
        <test-method signature="ValidatePasswordField2()[pri:12, instance:alphaTests.SignUpTest@6e0f5f7f]" started-at="2022-07-20T16:04:48 WAT" name="ValidatePasswordField2" finished-at="2022-07-20T16:04:51 WAT" duration-ms="3166" status="PASS">
          <reporter-output>
          </reporter-output>
        </test-method> <!-- ValidatePasswordField2 -->
        <test-method signature="ValidatePasswordField3()[pri:13, instance:alphaTests.SignUpTest@6e0f5f7f]" started-at="2022-07-20T16:04:51 WAT" name="ValidatePasswordField3" finished-at="2022-07-20T16:04:54 WAT" duration-ms="3040" status="PASS">
          <reporter-output>
          </reporter-output>
        </test-method> <!-- ValidatePasswordField3 -->
        <test-method signature="ValidatePasswordField4()[pri:14, instance:alphaTests.SignUpTest@6e0f5f7f]" started-at="2022-07-20T16:04:54 WAT" name="ValidatePasswordField4" finished-at="2022-07-20T16:04:57 WAT" duration-ms="2976" status="PASS">
          <reporter-output>
          </reporter-output>
        </test-method> <!-- ValidatePasswordField4 -->
        <test-method signature="ValidatePasswordField5()[pri:15, instance:alphaTests.SignUpTest@6e0f5f7f]" started-at="2022-07-20T16:04:57 WAT" name="ValidatePasswordField5" finished-at="2022-07-20T16:05:00 WAT" duration-ms="2998" status="PASS">
          <reporter-output>
          </reporter-output>
        </test-method> <!-- ValidatePasswordField5 -->
        <test-method signature="ValidateConfirmpasswordField()[pri:16, instance:alphaTests.SignUpTest@6e0f5f7f]" started-at="2022-07-20T16:05:00 WAT" name="ValidateConfirmpasswordField" finished-at="2022-07-20T16:05:03 WAT" duration-ms="3323" status="PASS">
          <reporter-output>
          </reporter-output>
        </test-method> <!-- ValidateConfirmpasswordField -->
        <test-method signature="ValidateDuplicateUsercreation()[pri:17, instance:alphaTests.SignUpTest@6e0f5f7f]" started-at="2022-07-20T16:05:03 WAT" name="ValidateDuplicateUsercreation" finished-at="2022-07-20T16:05:06 WAT" duration-ms="2997" status="PASS">
          <reporter-output>
          </reporter-output>
        </test-method> <!-- ValidateDuplicateUsercreation -->
        <test-method signature="ValidateRequiredFields()[pri:18, instance:alphaTests.SignUpTest@6e0f5f7f]" started-at="2022-07-20T16:05:06 WAT" name="ValidateRequiredFields" finished-at="2022-07-20T16:05:07 WAT" duration-ms="217" status="PASS">
          <reporter-output>
          </reporter-output>
        </test-method> <!-- ValidateRequiredFields -->
        <test-method signature="ValidateValidInputsWithValidDataFormat()[pri:19, instance:alphaTests.SignUpTest@6e0f5f7f]" started-at="2022-07-20T16:05:07 WAT" name="ValidateValidInputsWithValidDataFormat" finished-at="2022-07-20T16:05:10 WAT" duration-ms="3067" status="FAIL">
          <exception class="java.lang.AssertionError">
            <message>
              <![CDATA[expected [https://alphapay.netlify.app/dashboard/overview] but found [https://alphapay.netlify.app/auth/signup]]]>
            </message>
            <full-stacktrace>
              <![CDATA[java.lang.AssertionError: expected [https://alphapay.netlify.app/dashboard/overview] but found [https://alphapay.netlify.app/auth/signup]
at org.testng.Assert.fail(Assert.java:110)
at org.testng.Assert.failNotEquals(Assert.java:1413)
at org.testng.Assert.assertEqualsImpl(Assert.java:149)
at org.testng.Assert.assertEquals(Assert.java:131)
at org.testng.Assert.assertEquals(Assert.java:655)
at org.testng.Assert.assertEquals(Assert.java:665)
at alphaTests.SignUpTest.ValidateValidInputsWithValidDataFormat(SignUpTest.java:168)
at java.base/jdk.internal.reflect.NativeMethodAccessorImpl.invoke0(Native Method)
at java.base/jdk.internal.reflect.NativeMethodAccessorImpl.invoke(NativeMethodAccessorImpl.java:77)
at java.base/jdk.internal.reflect.DelegatingMethodAccessorImpl.invoke(DelegatingMethodAccessorImpl.java:43)
at java.base/java.lang.reflect.Method.invoke(Method.java:568)
at org.testng.internal.invokers.MethodInvocationHelper.invokeMethod(MethodInvocationHelper.java:135)
at org.testng.internal.invokers.TestInvoker.invokeMethod(TestInvoker.java:673)
at org.testng.internal.invokers.TestInvoker.invokeTestMethod(TestInvoker.java:220)
at org.testng.internal.invokers.MethodRunner.runInSequence(MethodRunner.java:50)
at org.testng.internal.invokers.TestInvoker$MethodInvocationAgent.invoke(TestInvoker.java:945)
at org.testng.internal.invokers.TestInvoker.invokeTestMethods(TestInvoker.java:193)
at org.testng.internal.invokers.TestMethodWorker.invokeTestMethods(TestMethodWorker.java:146)
at org.testng.internal.invokers.TestMethodWorker.run(TestMethodWorker.java:128)
at java.base/java.util.ArrayList.forEach(ArrayList.java:1511)
at org.testng.TestRunner.privateRun(TestRunner.java:808)
at org.testng.TestRunner.run(TestRunner.java:603)
at org.testng.SuiteRunner.runTest(SuiteRunner.java:429)
at org.testng.SuiteRunner.runSequentially(SuiteRunner.java:423)
at org.testng.SuiteRunner.privateRun(SuiteRunner.java:383)
at org.testng.SuiteRunner.run(SuiteRunner.java:326)
at org.testng.SuiteRunnerWorker.runSuite(SuiteRunnerWorker.java:52)
at org.testng.SuiteRunnerWorker.run(SuiteRunnerWorker.java:95)
at org.testng.TestNG.runSuitesSequentially(TestNG.java:1249)
at org.testng.TestNG.runSuitesLocally(TestNG.java:1169)
at org.testng.TestNG.runSuites(TestNG.java:1092)
at org.testng.TestNG.run(TestNG.java:1060)
at org.testng.remote.AbstractRemoteTestNG.run(AbstractRemoteTestNG.java:115)
at org.testng.remote.RemoteTestNG.initAndRun(RemoteTestNG.java:251)
at org.testng.remote.RemoteTestNG.main(RemoteTestNG.java:77)
]]>
            </full-stacktrace>
          </exception> <!-- java.lang.AssertionError -->
          <reporter-output>
          </reporter-output>
        </test-method> <!-- ValidateValidInputsWithValidDataFormat -->
        <test-method is-config="true" signature="Teardown()[pri:0, instance:alphaTests.SignUpTest@6e0f5f7f]" started-at="2022-07-20T16:05:10 WAT" name="Teardown" finished-at="2022-07-20T16:05:10 WAT" duration-ms="761" status="PASS">
          <reporter-output>
          </reporter-output>
        </test-method> <!-- Teardown -->
      </class> <!-- alphaTests.SignUpTest -->
    </test> <!-- Default test -->
  </suite> <!-- Default suite -->
</testng-results>
