<?xml version="1.0" encoding="UTF-8"?>
<!-- Generated by org.testng.reporters.JUnitXMLReporter -->
<testsuite ignored="0" hostname="OCT-JULIEN" failures="1" tests="19" name="Signup Test" time="75.901" errors="0" timestamp="2022-07-20T15:36:29 WAT">
  <testcase classname="alphaTests.SignUpTest" name="ValidateEmailField1" time="5.376"/>
  <testcase classname="alphaTests.SignUpTest" name="ValidateEmailField2" time="3.55"/>
  <testcase classname="alphaTests.SignUpTest" name="ValidateEmailField3" time="3.299"/>
  <testcase classname="alphaTests.SignUpTest" name="ValidateEmailField4" time="3.169"/>
  <testcase classname="alphaTests.SignUpTest" name="ValidateEmailField5" time="3.613"/>
  <testcase classname="alphaTests.SignUpTest" name="ValidateEmailField6" time="3.328"/>
  <testcase classname="alphaTests.SignUpTest" name="ValidateEmailField7" time="3.238"/>
  <testcase classname="alphaTests.SignUpTest" name="ValidatePhonenumberField1" time="3.063"/>
  <testcase classname="alphaTests.SignUpTest" name="ValidatePhonenumberField2" time="3.23"/>
  <testcase classname="alphaTests.SignUpTest" name="ValidatePhonenumberField3" time="3.067"/>
  <testcase classname="alphaTests.SignUpTest" name="ValidatePasswordField1" time="3.106"/>
  <testcase classname="alphaTests.SignUpTest" name="ValidatePasswordField2" time="3.072"/>
  <testcase classname="alphaTests.SignUpTest" name="ValidatePasswordField3" time="3.091"/>
  <testcase classname="alphaTests.SignUpTest" name="ValidatePasswordField4" time="3.028"/>
  <testcase classname="alphaTests.SignUpTest" name="ValidatePasswordField5" time="2.954"/>
  <testcase classname="alphaTests.SignUpTest" name="ValidateConfirmpasswordField" time="2.993"/>
  <testcase classname="alphaTests.SignUpTest" name="ValidateRequiredFields" time="0.199"/>
  <testcase classname="alphaTests.SignUpTest" name="ValidateValidInputsWithValidDataFormat" time="3.034"/>
  <testcase classname="alphaTests.SignUpTest" name="ValidateDuplicateUsercreation" time="10.189">
    <failure type="java.lang.AssertionError" message="expected [https://alphapay.netlify.app/auth/signup] but found [https://alphapay.netlify.app/dashboard/overview]">
      <![CDATA[java.lang.AssertionError: expected [https://alphapay.netlify.app/auth/signup] but found [https://alphapay.netlify.app/dashboard/overview]
at alphaTests.SignUpTest.ValidateDuplicateUsercreation(SignUpTest.java:155)
at java.base/java.util.ArrayList.forEach(ArrayList.java:1511)
... Removed 33 stack frames]]>
    </failure>
  </testcase> <!-- ValidateDuplicateUsercreation -->
</testsuite> <!-- Signup Test -->
